0 info it worked if it ends with ok
1 verbose cli [ 'C:\\Program Files\\nodejs\\node.exe',
1 verbose cli   'C:\\Users\\Mark Valenzuela\\AppData\\Roaming\\npm\\node_modules\\npm\\bin\\npm-cli.js',
1 verbose cli   'start' ]
2 info using npm@6.9.0
3 info using node@v10.15.3
4 verbose stack Error: Failed to parse json
4 verbose stack Unexpected token < in JSON at position 93 while parsing near '... "dependencies": {
4 verbose stack <<<<<<< HEAD
4 verbose stack ======...'
4 verbose stack     at parseError (C:\Users\Mark Valenzuela\AppData\Roaming\npm\node_modules\npm\node_modules\read-package-json\read-json.js:452:11)
4 verbose stack     at parseJson (C:\Users\Mark Valenzuela\AppData\Roaming\npm\node_modules\npm\node_modules\read-package-json\read-json.js:104:26)
4 verbose stack     at C:\Users\Mark Valenzuela\AppData\Roaming\npm\node_modules\npm\node_modules\read-package-json\read-json.js:51:5
4 verbose stack     at C:\Users\Mark Valenzuela\AppData\Roaming\npm\node_modules\npm\node_modules\graceful-fs\graceful-fs.js:90:16
4 verbose stack     at FSReqWrap.readFileAfterClose [as oncomplete] (internal/fs/read_file_context.js:53:3)
5 verbose cwd C:\Users\Mark Valenzuela\Desktop\whatsup-doc\whatsup-doc-frontend
6 verbose Windows_NT 10.0.17134
7 verbose argv "C:\\Program Files\\nodejs\\node.exe" "C:\\Users\\Mark Valenzuela\\AppData\\Roaming\\npm\\node_modules\\npm\\bin\\npm-cli.js" "start"
8 verbose node v10.15.3
9 verbose npm  v6.9.0
10 error file C:\Users\Mark Valenzuela\Desktop\whatsup-doc\whatsup-doc-frontend\package.json
11 error code EJSONPARSE
12 error Merge conflict detected in your package.json.
12 error
12 error Please resolve the package.json conflict and retry the command:
12 error
12 error $ C:\Program Files\nodejs\node.exe C:\Users\Mark Valenzuela\AppData\Roaming\npm\node_modules\npm\bin\npm-cli.js start
13 verbose exit [ 1, true ]
