0 info it worked if it ends with ok
1 verbose cli [ 'C:\\Program Files\\nodejs\\node.exe',
1 verbose cli   'C:\\Users\\Mark Valenzuela\\AppData\\Roaming\\npm\\node_modules\\npm\\bin\\npm-cli.js',
1 verbose cli   'run',
1 verbose cli   'dev' ]
2 info using npm@6.9.0
3 info using node@v10.15.3
4 verbose stack Error: missing script: dev
4 verbose stack     at run (C:\Users\Mark Valenzuela\AppData\Roaming\npm\node_modules\npm\lib\run-script.js:155:19)
4 verbose stack     at C:\Users\Mark Valenzuela\AppData\Roaming\npm\node_modules\npm\lib\run-script.js:63:5
4 verbose stack     at C:\Users\Mark Valenzuela\AppData\Roaming\npm\node_modules\npm\node_modules\read-package-json\read-json.js:115:5
4 verbose stack     at C:\Users\Mark Valenzuela\AppData\Roaming\npm\node_modules\npm\node_modules\read-package-json\read-json.js:418:5
4 verbose stack     at checkBinReferences_ (C:\Users\Mark Valenzuela\AppData\Roaming\npm\node_modules\npm\node_modules\read-package-json\read-json.js:373:45)
4 verbose stack     at final (C:\Users\Mark Valenzuela\AppData\Roaming\npm\node_modules\npm\node_modules\read-package-json\read-json.js:416:3)
4 verbose stack     at then (C:\Users\Mark Valenzuela\AppData\Roaming\npm\node_modules\npm\node_modules\read-package-json\read-json.js:160:5)
4 verbose stack     at C:\Users\Mark Valenzuela\AppData\Roaming\npm\node_modules\npm\node_modules\read-package-json\read-json.js:364:12
4 verbose stack     at C:\Users\Mark Valenzuela\AppData\Roaming\npm\node_modules\npm\node_modules\graceful-fs\graceful-fs.js:90:16
4 verbose stack     at FSReqWrap.readFileAfterClose [as oncomplete] (internal/fs/read_file_context.js:53:3)
5 verbose cwd C:\Users\Mark Valenzuela\Desktop\whatsup-doc\whatsup-doc-frontend
6 verbose Windows_NT 10.0.17134
7 verbose argv "C:\\Program Files\\nodejs\\node.exe" "C:\\Users\\Mark Valenzuela\\AppData\\Roaming\\npm\\node_modules\\npm\\bin\\npm-cli.js" "run" "dev"
8 verbose node v10.15.3
9 verbose npm  v6.9.0
10 error missing script: dev
11 verbose exit [ 1, true ]
