0 info it worked if it ends with ok
1 verbose cli [ 'C:\\Program Files\\nodejs\\node.exe',
1 verbose cli   'C:\\Users\\Mark Valenzuela\\AppData\\Roaming\\npm\\node_modules\\npm\\bin\\npm-cli.js',
1 verbose cli   'install' ]
2 info using npm@6.9.0
3 info using node@v10.15.3
4 verbose npm-session 22889e66d03b0de9
5 silly install runPreinstallTopLevelLifecycles
6 silly install loadCurrentTree
7 silly install readLocalPackageData
8 timing stage:rollbackFailedOptional Completed in 3ms
9 timing stage:runTopLevelLifecycles Completed in 4639ms
10 verbose stack Error: Failed to parse json
10 verbose stack Unexpected token < in JSON at position 93 while parsing near '... "dependencies": {
10 verbose stack <<<<<<< HEAD
10 verbose stack ======...'
10 verbose stack     at parseError (C:\Users\Mark Valenzuela\AppData\Roaming\npm\node_modules\npm\node_modules\read-package-json\read-json.js:452:11)
10 verbose stack     at parseJson (C:\Users\Mark Valenzuela\AppData\Roaming\npm\node_modules\npm\node_modules\read-package-json\read-json.js:104:26)
10 verbose stack     at C:\Users\Mark Valenzuela\AppData\Roaming\npm\node_modules\npm\node_modules\read-package-json\read-json.js:51:5
10 verbose stack     at C:\Users\Mark Valenzuela\AppData\Roaming\npm\node_modules\npm\node_modules\graceful-fs\graceful-fs.js:90:16
10 verbose stack     at FSReqWrap.readFileAfterClose [as oncomplete] (internal/fs/read_file_context.js:53:3)
11 verbose cwd C:\Users\Mark Valenzuela\Desktop\whatsup-doc\whatsup-doc-frontend
12 verbose Windows_NT 10.0.17134
13 verbose argv "C:\\Program Files\\nodejs\\node.exe" "C:\\Users\\Mark Valenzuela\\AppData\\Roaming\\npm\\node_modules\\npm\\bin\\npm-cli.js" "install"
14 verbose node v10.15.3
15 verbose npm  v6.9.0
16 error file C:\Users\Mark Valenzuela\Desktop\whatsup-doc\whatsup-doc-frontend\package.json
17 error code EJSONPARSE
18 error Merge conflict detected in your package.json.
18 error
18 error Please resolve the package.json conflict and retry the command:
18 error
18 error $ C:\Program Files\nodejs\node.exe C:\Users\Mark Valenzuela\AppData\Roaming\npm\node_modules\npm\bin\npm-cli.js install
19 verbose exit [ 1, true ]
